<?xml version="1.0" encoding="UTF-8"?>
<testsuite name="hello.core.CoreApplicationTests" tests="1" skipped="0" failures="0" errors="0" timestamp="2024-07-30T13:57:39" hostname="hee.local" time="0.4">
  <properties/>
  <testcase name="contextLoads()" classname="hello.core.CoreApplicationTests" time="0.4"/>
  <system-out><![CDATA[22:57:38.715 [Test worker] INFO org.springframework.test.context.support.AnnotationConfigContextLoaderUtils -- Could not detect default configuration classes for test class [hello.core.CoreApplicationTests]: CoreApplicationTests does not declare any static, non-private, non-final, nested classes annotated with @Configuration.
22:57:38.760 [Test worker] INFO org.springframework.boot.test.context.SpringBootTestContextBootstrapper -- Found @SpringBootConfiguration hello.core.CoreApplication for test class hello.core.CoreApplicationTests

  .   ____          _            __ _ _
 /\\ / ___'_ __ _ _(_)_ __  __ _ \ \ \ \
( ( )\___ | '_ | '_| | '_ \/ _` | \ \ \ \
 \\/  ___)| |_)| | | | | || (_| |  ) ) ) )
  '  |____| .__|_| |_|_| |_\__, | / / / /
 =========|_|==============|___/=/_/_/_/

 :: Spring Boot ::                (v3.3.1)

2024-07-30T22:57:38.908+09:00  INFO 2097 --- [core] [    Test worker] hello.core.CoreApplicationTests          : Starting CoreApplicationTests using Java 17.0.5 with PID 2097 (started by taehee in /Users/taehee/Documents/study/스프링 핵심 원리)
2024-07-30T22:57:38.909+09:00  INFO 2097 --- [core] [    Test worker] hello.core.CoreApplicationTests          : No active profile set, falling back to 1 default profile: "default"
call AppConfig.memberRepository
call AppConfig.memberService
call AppConfig.orderService
2024-07-30T22:57:39.133+09:00  INFO 2097 --- [core] [    Test worker] hello.core.CoreApplicationTests          : Started CoreApplicationTests in 0.315 seconds (process running for 0.768)
]]></system-out>
  <system-err><![CDATA[]]></system-err>
</testsuite>
