<?xml version="1.0" encoding="UTF-8"?>
<testsuite name="hello.core.beandefinition.BeanDefinitionTest" tests="1" skipped="0" failures="0" errors="0" timestamp="2024-07-30T13:57:39" hostname="hee.local" time="0.001">
  <properties/>
  <testcase name="빈 설정 메타정보 확인" classname="hello.core.beandefinition.BeanDefinitionTest" time="0.001"/>
  <system-out><![CDATA[beanDefinitionName = memberService beanDefinition = Generic bean: class [hello.core.member.MemberServiceImpl]; scope=; abstract=false; lazyInit=false; autowireMode=0; dependencyCheck=0; autowireCandidate=true; primary=false; factoryBeanName=null; factoryMethodName=null; initMethodNames=null; destroyMethodNames=null; defined in class path resource [appConfig.xml]
beanDefinitionName = memberRepository beanDefinition = Generic bean: class [hello.core.member.MemoryMemberRepository]; scope=; abstract=false; lazyInit=false; autowireMode=0; dependencyCheck=0; autowireCandidate=true; primary=false; factoryBeanName=null; factoryMethodName=null; initMethodNames=null; destroyMethodNames=null; defined in class path resource [appConfig.xml]
beanDefinitionName = orderService beanDefinition = Generic bean: class [hello.core.order.OrderServiceImpl]; scope=; abstract=false; lazyInit=false; autowireMode=0; dependencyCheck=0; autowireCandidate=true; primary=false; factoryBeanName=null; factoryMethodName=null; initMethodNames=null; destroyMethodNames=null; defined in class path resource [appConfig.xml]
beanDefinitionName = discountPolicy beanDefinition = Generic bean: class [hello.core.discount.RateDiscountPolicy]; scope=; abstract=false; lazyInit=false; autowireMode=0; dependencyCheck=0; autowireCandidate=true; primary=false; factoryBeanName=null; factoryMethodName=null; initMethodNames=null; destroyMethodNames=null; defined in class path resource [appConfig.xml]
]]></system-out>
  <system-err><![CDATA[]]></system-err>
</testsuite>
