<?xml version="1.0" encoding="UTF-8"?>
<testsuite name="hello.core.beanfind.ApplicationContextInfoTest" tests="2" skipped="0" failures="0" errors="0" timestamp="2024-07-30T13:57:39" hostname="hee.local" time="0.004">
  <properties/>
  <testcase name="애플리케이션 빈 출력하기" classname="hello.core.beanfind.ApplicationContextInfoTest" time="0.001"/>
  <testcase name="모든 빈 출력하기" classname="hello.core.beanfind.ApplicationContextInfoTest" time="0.0"/>
  <system-out><![CDATA[call AppConfig.memberService
call AppConfig.memberRepository
call AppConfig.orderService
name = appConfig, object = hello.core.AppConfig$$SpringCGLIB$$0@66d25ba9
name = memberService, object = hello.core.member.MemberServiceImpl@3830f918
name = memberRepository, object = hello.core.member.MemoryMemberRepository@5efe47fd
name = orderService, object = hello.core.order.OrderServiceImpl@739831a4
name = discountPolicy, object = hello.core.discount.RateDiscountPolicy@7e3236d
call AppConfig.memberService
call AppConfig.memberRepository
call AppConfig.orderService
name = org.springframework.context.annotation.internalConfigurationAnnotationProcessor, object = org.springframework.context.annotation.ConfigurationClassPostProcessor@5e1a5f
name = org.springframework.context.annotation.internalAutowiredAnnotationProcessor, object = org.springframework.beans.factory.annotation.AutowiredAnnotationBeanPostProcessor@31b0f02
name = org.springframework.context.annotation.internalCommonAnnotationProcessor, object = org.springframework.context.annotation.CommonAnnotationBeanPostProcessor@19ae2ee5
name = org.springframework.context.event.internalEventListenerProcessor, object = org.springframework.context.event.EventListenerMethodProcessor@44b940a2
name = org.springframework.context.event.internalEventListenerFactory, object = org.springframework.context.event.DefaultEventListenerFactory@34c53688
name = appConfig, object = hello.core.AppConfig$$SpringCGLIB$$0@6ffd4c0d
name = memberService, object = hello.core.member.MemberServiceImpl@74c9e11
name = memberRepository, object = hello.core.member.MemoryMemberRepository@9fe720a
name = orderService, object = hello.core.order.OrderServiceImpl@149274cb
name = discountPolicy, object = hello.core.discount.RateDiscountPolicy@118acf70
]]></system-out>
  <system-err><![CDATA[]]></system-err>
</testsuite>
