<?xml version="1.0" encoding="UTF-8"?>
<testsuite name="hello.core.beanfind.ApplicationContextBasicFindTest" tests="4" skipped="0" failures="0" errors="0" timestamp="2024-07-30T13:57:39" hostname="hee.local" time="0.036">
  <properties/>
  <testcase name="구체 타입으로 조회" classname="hello.core.beanfind.ApplicationContextBasicFindTest" time="0.023"/>
  <testcase name="빈 이름으로 조회X" classname="hello.core.beanfind.ApplicationContextBasicFindTest" time="0.001"/>
  <testcase name="빈 이름으로 조회" classname="hello.core.beanfind.ApplicationContextBasicFindTest" time="0.0"/>
  <testcase name="이름없이 타입으로 조회" classname="hello.core.beanfind.ApplicationContextBasicFindTest" time="0.001"/>
  <system-out><![CDATA[call AppConfig.memberService
call AppConfig.memberRepository
call AppConfig.orderService
call AppConfig.memberService
call AppConfig.memberRepository
call AppConfig.orderService
call AppConfig.memberService
call AppConfig.memberRepository
call AppConfig.orderService
call AppConfig.memberService
call AppConfig.memberRepository
call AppConfig.orderService
]]></system-out>
  <system-err><![CDATA[]]></system-err>
</testsuite>
