<?xml version="1.0" encoding="UTF-8"?>
<testsuite name="hello.core.beanfind.ApplicationContextExtendsFindTest" tests="5" skipped="0" failures="0" errors="0" timestamp="2024-07-30T13:57:39" hostname="hee.local" time="0.019">
  <properties/>
  <testcase name="부모타입으로 조회시 자식이 둘 이상 있으면, 중복 오류가 발생" classname="hello.core.beanfind.ApplicationContextExtendsFindTest" time="0.003"/>
  <testcase name="부모 타입으로 모두 조회 - object" classname="hello.core.beanfind.ApplicationContextExtendsFindTest" time="0.004"/>
  <testcase name="특정 하위 타입으로 조회" classname="hello.core.beanfind.ApplicationContextExtendsFindTest" time="0.0"/>
  <testcase name="부모타입으로 조회시 자식이 둘 이상 있으면, 빈 이름을 지정하자" classname="hello.core.beanfind.ApplicationContextExtendsFindTest" time="0.001"/>
  <testcase name="부모 타입으로 모두 조회" classname="hello.core.beanfind.ApplicationContextExtendsFindTest" time="0.001"/>
  <system-out><![CDATA[key = org.springframework.context.annotation.internalConfigurationAnnotationProcessor, value = org.springframework.context.annotation.ConfigurationClassPostProcessor@3b78c683
key = org.springframework.context.annotation.internalAutowiredAnnotationProcessor, value = org.springframework.beans.factory.annotation.AutowiredAnnotationBeanPostProcessor@7f5614f9
key = org.springframework.context.annotation.internalCommonAnnotationProcessor, value = org.springframework.context.annotation.CommonAnnotationBeanPostProcessor@480cbe2e
key = org.springframework.context.event.internalEventListenerProcessor, value = org.springframework.context.event.EventListenerMethodProcessor@6c3f1658
key = org.springframework.context.event.internalEventListenerFactory, value = org.springframework.context.event.DefaultEventListenerFactory@110e9982
key = applicationContextExtendsFindTest.TestConfig, value = hello.core.beanfind.ApplicationContextExtendsFindTest$TestConfig$$SpringCGLIB$$0@5eb0a686
key = rateDiscountPolicy, value = hello.core.discount.RateDiscountPolicy@73608eb0
key = fixDiscountPolicy, value = hello.core.discount.FixDiscountPolicy@67f9cb52
key = environment, value = StandardEnvironment {activeProfiles=[], defaultProfiles=[default], propertySources=[PropertiesPropertySource {name='systemProperties'}, SystemEnvironmentPropertySource {name='systemEnvironment'}]}
key = systemProperties, value = {java.specification.version=17, sun.jnu.encoding=UTF-8, org.gradle.test.worker=7, java.class.path=/Users/taehee/.gradle/caches/8.8/workerMain/gradle-worker.jar:/Users/taehee/Documents/study/스프링 핵심 원리/build/classes/java/test:/Users/taehee/Documents/study/스프링 핵심 원리/build/classes/java/main:/Users/taehee/Documents/study/스프링 핵심 원리/build/resources/main:/Users/taehee/.gradle/caches/modules-2/files-2.1/org.springframework.boot/spring-boot-starter-test/3.3.1/4ca82495c11ccba4998fc4e6f195ff6d5673b96b/spring-boot-starter-test-3.3.1.jar:/Users/taehee/.gradle/caches/modules-2/files-2.1/org.springframework.boot/spring-boot-starter/3.3.1/30e0ac13cfa51c77db60909ea28572a1e973f186/spring-boot-starter-3.3.1.jar:/Users/taehee/.gradle/caches/modules-2/files-2.1/org.junit.jupiter/junit-jupiter/5.10.2/831c0b86ddc2ce38391c5b81ea662b0cfdc02cce/junit-jupiter-5.10.2.jar:/Users/taehee/.gradle/caches/modules-2/files-2.1/org.junit.jupiter/junit-jupiter-engine/5.10.2/f1f8fe97bd58e85569205f071274d459c2c4f8cd/junit-jupiter-engine-5.10.2.jar:/Users/taehee/.gradle/caches/modules-2/files-2.1/org.junit.platform/junit-platform-engine/1.10.2/d53bb4e0ce7f211a498705783440614bfaf0df2e/junit-platform-engine-1.10.2.jar:/Users/taehee/.gradle/caches/modules-2/files-2.1/org.mockito/mockito-junit-jupiter/5.11.0/8e658dd339f40305ed4293db25545b5df98b171b/mockito-junit-jupiter-5.11.0.jar:/Users/taehee/.gradle/caches/modules-2/files-2.1/org.junit.jupiter/junit-jupiter-params/5.10.2/359132c82a9d3fa87a325db6edd33b5fdc67a3d8/junit-jupiter-params-5.10.2.jar:/Users/taehee/.gradle/caches/modules-2/files-2.1/org.junit.jupiter/junit-jupiter-api/5.10.2/fb55d6e2bce173f35fd28422e7975539621055ef/junit-jupiter-api-5.10.2.jar:/Users/taehee/.gradle/caches/modules-2/files-2.1/org.junit.platform/junit-platform-commons/1.10.2/3197154a1f0c88da46c47a9ca27611ac7ec5d797/junit-platform-commons-1.10.2.jar:/Users/taehee/.gradle/caches/modules-2/files-2.1/org.junit.platform/junit-platform-launcher/1.10.2/8125dd29e847ca274dd1a7a9ca54859acc284cb3/junit-platform-launcher-1.10.2.jar:/Users/taehee/.gradle/caches/modules-2/files-2.1/org.springframework.boot/spring-boot-test-autoconfigure/3.3.1/be1e596cbe14f0102e1fd97bbc86b5910ed64396/spring-boot-test-autoconfigure-3.3.1.jar:/Users/taehee/.gradle/caches/modules-2/files-2.1/org.springframework.boot/spring-boot-autoconfigure/3.3.1/36a6489e3ba5e34163bddb5134021de9ce101abc/spring-boot-autoconfigure-3.3.1.jar:/Users/taehee/.gradle/caches/modules-2/files-2.1/org.springframework.boot/spring-boot-test/3.3.1/68f65454a9d7d84d077144bdd44bdda66cd3edb/spring-boot-test-3.3.1.jar:/Users/taehee/.gradle/caches/modules-2/files-2.1/org.springframework.boot/spring-boot/3.3.1/2c5cfe68bc12646ce44663f865d39c747a28f2c7/spring-boot-3.3.1.jar:/Users/taehee/.gradle/caches/modules-2/files-2.1/org.springframework.boot/spring-boot-starter-logging/3.3.1/2097eebccdf7556cf42c8a74a5da64420ac143a1/spring-boot-starter-logging-3.3.1.jar:/Users/taehee/.gradle/caches/modules-2/files-2.1/jakarta.annotation/jakarta.annotation-api/2.1.1/48b9bda22b091b1f48b13af03fe36db3be6e1ae3/jakarta.annotation-api-2.1.1.jar:/Users/taehee/.gradle/caches/modules-2/files-2.1/org.springframework/spring-test/6.1.10/82d3c12836121e37843f21bf382a8c46c0448b59/spring-test-6.1.10.jar:/Users/taehee/.gradle/caches/modules-2/files-2.1/org.springframework/spring-context/6.1.10/6f869ea35a26028f3bfbfb52c72ef2b077fbb6e5/spring-context-6.1.10.jar:/Users/taehee/.gradle/caches/modules-2/files-2.1/org.springframework/spring-aop/6.1.10/aa6a147eb08820fb503a992a8fe2c9fee3439129/spring-aop-6.1.10.jar:/Users/taehee/.gradle/caches/modules-2/files-2.1/org.springframework/spring-beans/6.1.10/a49252929fb2918f73eb7659ef98dff7306a7c2c/spring-beans-6.1.10.jar:/Users/taehee/.gradle/caches/modules-2/files-2.1/org.springframework/spring-expression/6.1.10/a17d61f1388d0e13d6e7a740304e9d648fffc7c/spring-expression-6.1.10.jar:/Users/taehee/.gradle/caches/modules-2/files-2.1/org.springframework/spring-core/6.1.10/eaf5b1f3e3bb5aa8b45ab255cf3270c1c4578f1d/spring-core-6.1.10.jar:/Users/taehee/.gradle/caches/modules-2/files-2.1/org.yaml/snakeyaml/2.2/3af797a25458550a16bf89acc8e4ab2b7f2bfce0/snakeyaml-2.2.jar:/Users/taehee/.gradle/caches/modules-2/files-2.1/com.jayway.jsonpath/json-path/2.9.0/37fe2217f577b0b68b18e62c4d17a8858ecf9b69/json-path-2.9.0.jar:/Users/taehee/.gradle/caches/modules-2/files-2.1/jakarta.xml.bind/jakarta.xml.bind-api/4.0.2/6cd5a999b834b63238005b7144136379dc36cad2/jakarta.xml.bind-api-4.0.2.jar:/Users/taehee/.gradle/caches/modules-2/files-2.1/net.minidev/json-smart/2.5.1/4c11d2808d009132dfbbf947ebf37de6bf266c8e/json-smart-2.5.1.jar:/Users/taehee/.gradle/caches/modules-2/files-2.1/org.assertj/assertj-core/3.25.3/792b270e73aa1cfc28fa135be0b95e69ea451432/assertj-core-3.25.3.jar:/Users/taehee/.gradle/caches/modules-2/files-2.1/org.awaitility/awaitility/4.2.1/e56b600e0b184182ba5b2baccd2bab593a98a624/awaitility-4.2.1.jar:/Users/taehee/.gradle/caches/modules-2/files-2.1/org.hamcrest/hamcrest/2.2/1820c0968dba3a11a1b30669bb1f01978a91dedc/hamcrest-2.2.jar:/Users/taehee/.gradle/caches/modules-2/files-2.1/org.mockito/mockito-core/5.11.0/e4069fa4f4ff2c94322cfec5f2e45341c6c70aff/mockito-core-5.11.0.jar:/Users/taehee/.gradle/caches/modules-2/files-2.1/org.skyscreamer/jsonassert/1.5.1/6d842d0faf4cf6725c509a5e5347d319ee0431c3/jsonassert-1.5.1.jar:/Users/taehee/.gradle/caches/modules-2/files-2.1/org.xmlunit/xmlunit-core/2.9.1/e5833662d9a1279a37da3ef6f62a1da29fcd68c4/xmlunit-core-2.9.1.jar:/Users/taehee/.gradle/caches/modules-2/files-2.1/ch.qos.logback/logback-classic/1.5.6/afc75d260d838a3bddfb8f207c2805ed7d1b34f9/logback-classic-1.5.6.jar:/Users/taehee/.gradle/caches/modules-2/files-2.1/org.apache.logging.log4j/log4j-to-slf4j/2.23.1/425ad1eb8a39904d2830e907a324e956fb456520/log4j-to-slf4j-2.23.1.jar:/Users/taehee/.gradle/caches/modules-2/files-2.1/org.slf4j/jul-to-slf4j/2.0.13/a3bcd9d9dd50c71ce69f06b1fd05e40fdeff6ba5/jul-to-slf4j-2.0.13.jar:/Users/taehee/.gradle/caches/modules-2/files-2.1/org.springframework/spring-jcl/6.1.10/c22c18cf6ed7d768676816347f020a6868663224/spring-jcl-6.1.10.jar:/Users/taehee/.gradle/caches/modules-2/files-2.1/org.slf4j/slf4j-api/2.0.13/80229737f704b121a318bba5d5deacbcf395bc77/slf4j-api-2.0.13.jar:/Users/taehee/.gradle/caches/modules-2/files-2.1/jakarta.activation/jakarta.activation-api/2.1.3/fa165bd70cda600368eee31555222776a46b881f/jakarta.activation-api-2.1.3.jar:/Users/taehee/.gradle/caches/modules-2/files-2.1/net.minidev/accessors-smart/2.5.1/19b820261eb2e7de7d5bde11d1c06e4501dd7e5f/accessors-smart-2.5.1.jar:/Users/taehee/.gradle/caches/modules-2/files-2.1/net.bytebuddy/byte-buddy/1.14.17/a8d08f3c1e75ecc7f38a8cfd7e9fa47919096373/byte-buddy-1.14.17.jar:/Users/taehee/.gradle/caches/modules-2/files-2.1/net.bytebuddy/byte-buddy-agent/1.14.17/e3c251a39dc90badaf71c83427ba46840f219d8d/byte-buddy-agent-1.14.17.jar:/Users/taehee/.gradle/caches/modules-2/files-2.1/org.objenesis/objenesis/3.3/1049c09f1de4331e8193e579448d0916d75b7631/objenesis-3.3.jar:/Users/taehee/.gradle/caches/modules-2/files-2.1/com.vaadin.external.google/android-json/0.0.20131108.vaadin1/fa26d351fe62a6a17f5cda1287c1c6110dec413f/android-json-0.0.20131108.vaadin1.jar:/Users/taehee/.gradle/caches/modules-2/files-2.1/org.opentest4j/opentest4j/1.3.0/152ea56b3a72f655d4fd677fc0ef2596c3dd5e6e/opentest4j-1.3.0.jar:/Users/taehee/.gradle/caches/modules-2/files-2.1/io.micrometer/micrometer-observation/1.13.1/f6f5fa79e482431531cc253a7204e5c085c7bb20/micrometer-observation-1.13.1.jar:/Users/taehee/.gradle/caches/modules-2/files-2.1/ch.qos.logback/logback-core/1.5.6/41cbe874701200c5624c19e0ab50d1b88dfcc77d/logback-core-1.5.6.jar:/Users/taehee/.gradle/caches/modules-2/files-2.1/org.apache.logging.log4j/log4j-api/2.23.1/9c15c29c526d9c6783049c0a77722693c66706e1/log4j-api-2.23.1.jar:/Users/taehee/.gradle/caches/modules-2/files-2.1/org.ow2.asm/asm/9.6/aa205cf0a06dbd8e04ece91c0b37c3f5d567546a/asm-9.6.jar:/Users/taehee/.gradle/caches/modules-2/files-2.1/io.micrometer/micrometer-commons/1.13.1/5629ecbcc84a9f29e1cf976718de2497e50932bf/micrometer-commons-1.13.1.jar, java.vm.vendor=Oracle Corporation, sun.arch.data.model=64, user.variant=, java.vendor.url=https://java.oracle.com/, user.timezone=Asia/Seoul, java.vm.specification.version=17, os.name=Mac OS X, user.country=KR, sun.java.launcher=SUN_STANDARD, sun.boot.library.path=/Library/Java/JavaVirtualMachines/jdk-17.0.5.jdk/Contents/Home/lib, sun.java.command=worker.org.gradle.process.internal.worker.GradleWorkerMain 'Gradle Test Executor 7', http.nonProxyHosts=local|*.local|169.254/16|*.169.254/16, jdk.debug=release, sun.cpu.endian=little, user.home=/Users/taehee, user.language=ko, java.specification.vendor=Oracle Corporation, java.version.date=2022-10-18, java.home=/Library/Java/JavaVirtualMachines/jdk-17.0.5.jdk/Contents/Home, file.separator=/, java.vm.compressedOopsMode=Zero based, line.separator=
, java.vm.specification.vendor=Oracle Corporation, java.specification.name=Java Platform API Specification, FILE_LOG_CHARSET=UTF-8, java.awt.headless=true, sun.management.compiler=HotSpot 64-Bit Tiered Compilers, ftp.nonProxyHosts=local|*.local|169.254/16|*.169.254/16, java.runtime.version=17.0.5+9-LTS-191, user.name=taehee, path.separator=:, os.version=14.5, java.runtime.name=Java(TM) SE Runtime Environment, file.encoding=UTF-8, java.vm.name=Java HotSpot(TM) 64-Bit Server VM, java.vendor.url.bug=https://bugreport.java.com/bugreport/, java.io.tmpdir=/var/folders/z_/7865lvl16pd2t699fdxlx_ww0000gn/T/, java.version=17.0.5, user.dir=/Users/taehee/Documents/study/스프링 핵심 원리, os.arch=aarch64, java.vm.specification.name=Java Virtual Machine Specification, PID=2097, org.gradle.internal.worker.tmpdir=/Users/taehee/Documents/study/스프링 핵심 원리/build/tmp/test/work, CONSOLE_LOG_CHARSET=UTF-8, native.encoding=UTF-8, java.library.path=/Users/taehee/Library/Java/Extensions:/Library/Java/Extensions:/Network/Library/Java/Extensions:/System/Library/Java/Extensions:/usr/lib/java:., java.vm.info=mixed mode, sharing, java.vendor=Oracle Corporation, java.vm.version=17.0.5+9-LTS-191, sun.io.unicode.encoding=UnicodeBig, socksNonProxyHosts=local|*.local|169.254/16|*.169.254/16, java.class.version=61.0, LOGGED_APPLICATION_NAME=[core] }
key = systemEnvironment, value = {PATH=/opt/homebrew/bin:/opt/homebrew/sbin:/usr/local/bin:/System/Cryptexes/App/usr/bin:/usr/bin:/bin:/usr/sbin:/sbin:/var/run/com.apple.security.cryptexd/codex.system/bootstrap/usr/local/bin:/var/run/com.apple.security.cryptexd/codex.system/bootstrap/usr/bin:/var/run/com.apple.security.cryptexd/codex.system/bootstrap/usr/appleinternal/bin, MANPATH=/opt/homebrew/share/man::, JAVA_MAIN_CLASS_2097=worker.org.gradle.process.internal.worker.GradleWorkerMain, HOMEBREW_PREFIX=/opt/homebrew, COMMAND_MODE=unix2003, LOGNAME=taehee, HOMEBREW_REPOSITORY=/opt/homebrew, XPC_SERVICE_NAME=application.com.jetbrains.intellij.ce.1159201.1159937, INFOPATH=/opt/homebrew/share/info:, __CFBundleIdentifier=com.jetbrains.intellij.ce, SHELL=/bin/zsh, PAGER=less, LSCOLORS=Gxfxcxdxbxegedabagacad, OLDPWD=/, HOMEBREW_CELLAR=/opt/homebrew/Cellar, USER=taehee, ZSH=/Users/taehee/.oh-my-zsh, TMPDIR=/var/folders/z_/7865lvl16pd2t699fdxlx_ww0000gn/T/, SSH_AUTH_SOCK=/private/tmp/com.apple.launchd.ztpBwk5G5f/Listeners, XPC_FLAGS=0x0, __CF_USER_TEXT_ENCODING=0x1F5:0x3:0x33, LESS=-R, LC_CTYPE=ko_KR.UTF-8, LS_COLORS=di=1;36:ln=35:so=32:pi=33:ex=31:bd=34;46:cd=34;43:su=30;41:sg=30;46:tw=30;42:ow=30;43, HOME=/Users/taehee}
key = applicationStartup, value = org.springframework.core.metrics.DefaultApplicationStartup@20cdb152
key = org.springframework.context.annotation.ConfigurationClassPostProcessor.importRegistry, value = []
key = messageSource, value = Empty MessageSource
key = applicationEventMulticaster, value = org.springframework.context.event.SimpleApplicationEventMulticaster@4cffd3fd
key = lifecycleProcessor, value = org.springframework.context.support.DefaultLifecycleProcessor@14b31e37
key = rateDiscountPolicy, value = hello.core.discount.RateDiscountPolicy@57fdb8a4
key = fixDiscountPolicy, value = hello.core.discount.FixDiscountPolicy@17222c11
]]></system-out>
  <system-err><![CDATA[]]></system-err>
</testsuite>
