<?xml version="1.0" encoding="UTF-8"?>
<testsuite name="hello.core.order.OrderServiceTest" tests="1" skipped="0" failures="0" errors="0" timestamp="2024-07-30T13:57:39" hostname="hee.local" time="0.0">
  <properties/>
  <testcase name="createorder()" classname="hello.core.order.OrderServiceTest" time="0.0"/>
  <system-out><![CDATA[call AppConfig.memberService
call AppConfig.memberRepository
call AppConfig.orderService
call AppConfig.memberRepository
]]></system-out>
  <system-err><![CDATA[]]></system-err>
</testsuite>
