<?xml version="1.0" encoding="UTF-8"?>
<testsuite name="hello.core.scan.AutoAppConfigTest" tests="1" skipped="0" failures="0" errors="0" timestamp="2024-07-30T13:57:39" hostname="hee.local" time="0.012">
  <properties/>
  <testcase name="컴포넌트 스캔 테스트" classname="hello.core.scan.AutoAppConfigTest" time="0.012"/>
  <system-out><![CDATA[]]></system-out>
  <system-err><![CDATA[]]></system-err>
</testsuite>
